<?xml version="1.0" encoding="UTF-8" ?>
<testsuites errors="1"
            failures="1"
            tests="2">

  <testsuite name="register"
    errors="1" failures="1" hostname="" id="" package="register" skipped="1"
    tests="2" time="13.86" timestamp="">
  
    <testcase name="PASSO 1: ACESSAR a página de autenticação " classname="register" time="4.848" assertions="3">

    

    

    
    </testcase>
  
    <testcase name="PASSO 2: Tentar fazer cadastro " classname="register" time="9.009" assertions="2">

      <failure message="Testing if element &lt;#auth-email &gt; div.actions &gt; a&gt; is visible in 5000ms - expected &#34;is visible&#34; but got: &#34;element could not be located&#34; (5404ms)">    at Object.PASSO 2: Tentar fazer cadastro  (C:\jsdeveloper\tests\register.js:19:21)
    at processTicksAndRejections (internal/process/task_queues.js:93:5)</failure>

    
    <error message="Error while running &#34;visible&#34; command: Testing if element [0;33m&lt;#auth-email &gt; div.actions &gt; a&gt;[0m is visible in 5000ms - expected [0;32m&#34;is visible&#34;[0m but got: [0;31m&#34;element could not be located&#34;[0m [0;90m(5404ms)[0m" type="error"><![CDATA[
        at Object.PASSO 2: Tentar fazer cadastro  (C:\jsdeveloper\tests\register.js:19:21)
    at processTicksAndRejections (internal/process/task_queues.js:93:5)
    ]]></error>
    
    </testcase>
  

  
    <system-err>
        NoSuchElementError: An error occurred while running .isVisible() command on &lt;#auth-email &gt; div.actions &gt; a&gt;: 
   {&#34;sessionId&#34;:&#34;176830068880817e7eba99c6b4825df0&#34;,&#34;status&#34;:0,&#34;value&#34;:[]}
       at processTicksAndRejections (internal/process/task_queues.js:93:5)
    </system-err>
  

    

  
    
    <testcase
      name="PASSO 1: Verificar se autenticou após o cadastro" classname="register">
      <skipped />
    </testcase>
    
  
  </testsuite>
</testsuites>
